<?xml version="1.0" encoding="UTF-8"?>
<testsuite name="Game.GameTest" tests="2" skipped="0" failures="0" errors="0" timestamp="2021-03-26T02:40:03" hostname="u1f383" time="0.013">
  <properties/>
  <testcase name="checkInput()" classname="Game.GameTest" time="0.012"/>
  <testcase name="judgeWinner()" classname="Game.GameTest" time="0.0"/>
  <system-out><![CDATA[]]></system-out>
  <system-err><![CDATA[]]></system-err>
</testsuite>
