<?xml version="1.0" encoding="UTF-8"?>
<testsuite name="Game.GameTest" tests="16" skipped="0" failures="0" errors="0" timestamp="2021-03-26T14:20:19" hostname="u1f383" time="0.052">
  <properties/>
  <testcase name="[1] paper" classname="Game.GameTest" time="0.028"/>
  <testcase name="[2] scissors" classname="Game.GameTest" time="0.001"/>
  <testcase name="[3] rock" classname="Game.GameTest" time="0.0"/>
  <testcase name="[1] OWO" classname="Game.GameTest" time="0.001"/>
  <testcase name="[2] QAQ" classname="Game.GameTest" time="0.001"/>
  <testcase name="[3] &gt;W&lt;" classname="Game.GameTest" time="0.0"/>
  <testcase name="[1] rock, paper" classname="Game.GameTest" time="0.001"/>
  <testcase name="[2] scissors, rock" classname="Game.GameTest" time="0.001"/>
  <testcase name="[3] paper, scissors" classname="Game.GameTest" time="0.0"/>
  <testcase name="[1] paper, paper" classname="Game.GameTest" time="0.001"/>
  <testcase name="[2] rock, rock" classname="Game.GameTest" time="0.001"/>
  <testcase name="[3] scissors, scissors" classname="Game.GameTest" time="0.001"/>
  <testcase name="whatTest()" classname="Game.GameTest" time="0.001"/>
  <testcase name="[1] paper, rock" classname="Game.GameTest" time="0.0"/>
  <testcase name="[2] rock, scissors" classname="Game.GameTest" time="0.001"/>
  <testcase name="[3] scissors, paper" classname="Game.GameTest" time="0.0"/>
  <system-out><![CDATA[]]></system-out>
  <system-err><![CDATA[]]></system-err>
</testsuite>
